f:\gsp914\debug\graphicssystemprogramming.ilk
f:\gsp914\debug\graphicssystemprogramming.exe
f:\gsp914\debug\graphicssystemprogramming.pdb
f:\gsp914\graphicssystemprogramming\debug\vc120.pdb
f:\gsp914\graphicssystemprogramming\debug\vc120.idb
f:\gsp914\graphicssystemprogramming\debug\2dscene.obj
f:\gsp914\graphicssystemprogramming\debug\main.obj
f:\gsp914\graphicssystemprogramming\debug\rect.obj
f:\gsp914\graphicssystemprogramming\debug\system.obj
f:\gsp914\graphicssystemprogramming\debug\spritebatch.obj
f:\gsp914\graphicssystemprogramming\debug\spritefont.obj
f:\gsp914\graphicssystemprogramming\debug\input.obj
f:\gsp914\graphicssystemprogramming\debug\3dscene.obj
f:\gsp914\graphicssystemprogramming\debug\cube.obj
f:\gsp914\graphicssystemprogramming\debug\timer.obj
f:\gsp914\graphicssystemprogramming\debug\camera.obj
f:\gsp914\graphicssystemprogramming\debug\material.obj
f:\gsp914\graphicssystemprogramming\debug\mesh.obj
f:\gsp914\graphicssystemprogramming\debug\transform.obj
f:\gsp914\graphicssystemprogramming\debug\gameobject.obj
f:\gsp914\graphicssystemprogramming\debug\texturedmaterial.obj
f:\gsp914\graphicssystemprogramming\debug\texturednormmaterial.obj
f:\gsp914\graphicssystemprogramming\debug\objmesh.obj
f:\gsp914\graphicssystemprogramming\debug\particlesystem.obj
f:\gsp914\graphicssystemprogramming\debug\chunk.obj
f:\gsp914\debug\cubeshader.cso
f:\gsp914\debug\particleshader.cso
f:\gsp914\debug\spritebatch.cso
f:\gsp914\debug\texturednormshader.cso
f:\gsp914\debug\unsererstershader.cso
f:\gsp914\graphicssystemprogramming\debug\graphics.46b85def.tlog\cl.command.1.tlog
f:\gsp914\graphicssystemprogramming\debug\graphics.46b85def.tlog\fxc.command.1.tlog
f:\gsp914\graphicssystemprogramming\debug\graphics.46b85def.tlog\fxc.read.1.tlog
f:\gsp914\graphicssystemprogramming\debug\graphics.46b85def.tlog\fxc.write.1.tlog
f:\gsp914\graphicssystemprogramming\debug\graphics.46b85def.tlog\link.write.1.tlog
f:\gsp914\graphicssystemprogramming\debug\graphics.46b85def.tlog\cl.read.1.tlog
f:\gsp914\graphicssystemprogramming\debug\graphics.46b85def.tlog\link.command.1.tlog
f:\gsp914\graphicssystemprogramming\debug\graphics.46b85def.tlog\link.read.1.tlog
f:\gsp914\graphicssystemprogramming\debug\graphics.46b85def.tlog\cl.write.1.tlog
f:\gsp914\graphicssystemprogramming\debug\graphics.46b85def.tlog\graphicssystemprogramming.write.1u.tlog
