g:\gsp914\release\graphicssystemprogramming.exe
g:\gsp914\release\graphicssystemprogramming.pdb
d:\gsp914\release\graphicssystemprogramming.exe
d:\gsp914\release\graphicssystemprogramming.pdb
g:\gsp914\graphicssystemprogramming\release\vc120.pdb
g:\gsp914\graphicssystemprogramming\release\system.obj
g:\gsp914\graphicssystemprogramming\release\spritebatch.obj
g:\gsp914\graphicssystemprogramming\release\rect.obj
g:\gsp914\graphicssystemprogramming\release\main.obj
g:\gsp914\graphicssystemprogramming\release\2dscene.obj
d:\gsp914\graphicssystemprogramming\release\vc120.pdb
d:\gsp914\graphicssystemprogramming\release\system.obj
d:\gsp914\graphicssystemprogramming\release\spritebatch.obj
d:\gsp914\graphicssystemprogramming\release\rect.obj
d:\gsp914\graphicssystemprogramming\release\main.obj
d:\gsp914\graphicssystemprogramming\release\2dscene.obj
g:\gsp914\release\spritebatch.cso
g:\gsp914\release\unsererstershader.cso
d:\gsp914\release\spritebatch.cso
d:\gsp914\release\unsererstershader.cso
d:\gsp914\graphicssystemprogramming\release\graphics.46b85def.tlog\cl.command.1.tlog
d:\gsp914\graphicssystemprogramming\release\graphics.46b85def.tlog\link.command.1.tlog
d:\gsp914\graphicssystemprogramming\release\graphics.46b85def.tlog\cl.read.1.tlog
d:\gsp914\graphicssystemprogramming\release\graphics.46b85def.tlog\link.read.1.tlog
d:\gsp914\graphicssystemprogramming\release\graphics.46b85def.tlog\link.write.1.tlog
d:\gsp914\graphicssystemprogramming\release\graphics.46b85def.tlog\cl.write.1.tlog
d:\gsp914\graphicssystemprogramming\release\graphics.46b85def.tlog\graphicssystemprogramming.write.1u.tlog
